<?xml version="1.0" encoding="UTF-8"?>
<robot generator="Robot 5.0.1 (Python 3.9.13 on win32)" generated="20230624 15:38:24.410" rpa="true" schemaversion="3">
<suite id="s1" name="Tasks" source="c:\no_chintagram\MyGits\RoboCorp\RPA_Certification-I\tasks.robot">
<test id="s1-t1" name="Insert the sales data for the week and export it as a PDF" line="6">
<kw name="Open the intranet website">
<kw name="Open Available Browser" library="RPA.Browser">
<arg>https://robotsparebinindustries.com/</arg>
<doc>Attempts to open a browser on the user's device from a set of
supported browsers. Automatically downloads a corresponding webdriver
if none is already installed.</doc>
<msg timestamp="20230624 15:38:26.419" level="INFO">Creating an instance of the Chrome WebDriver.</msg>
<msg timestamp="20230624 15:38:27.909" level="INFO">Created Chrome browser with arguments: --disable-dev-shm-usage --disable-web-security --allow-running-insecure-content --no-sandbox</msg>
<msg timestamp="20230624 15:38:27.909" level="INFO" html="true">&lt;p&gt;Attempted combinations:&lt;/p&gt;&lt;div class="doc"&gt;&lt;table&gt;&lt;tr&gt;&lt;th&gt;Browser&lt;/th&gt;&lt;th&gt;Download&lt;/th&gt;&lt;th&gt;Error&lt;/th&gt;&lt;/tr&gt;&lt;tr&gt;&lt;td&gt;Chrome&lt;/td&gt;&lt;td&gt;False&lt;/td&gt;&lt;td&gt;&lt;/td&gt;&lt;/tr&gt;&lt;/table&gt;&lt;/div&gt;</msg>
<msg timestamp="20230624 15:38:27.910" level="INFO">Opening url 'https://robotsparebinindustries.com/'</msg>
<status status="PASS" starttime="20230624 15:38:26.418" endtime="20230624 15:38:57.261"/>
</kw>
<status status="PASS" starttime="20230624 15:38:26.417" endtime="20230624 15:38:57.264"/>
</kw>
<kw name="Log in">
<kw name="Input Text" library="RPA.Browser">
<arg>username</arg>
<arg>maria</arg>
<doc>Types the given ``text`` into the text field identified by ``locator``.</doc>
<msg timestamp="20230624 15:38:57.272" level="INFO">Typing text 'maria' into text field 'username'.</msg>
<status status="PASS" starttime="20230624 15:38:57.269" endtime="20230624 15:38:57.447"/>
</kw>
<kw name="Input Password" library="RPA.Browser">
<arg>password</arg>
<arg>thoushallnotpass</arg>
<doc>Types the given password into the text field identified by ``locator``.</doc>
<msg timestamp="20230624 15:38:57.448" level="INFO">Typing password into text field 'password'.</msg>
<msg timestamp="20230624 15:38:57.487" level="INFO">Temporally setting log level to: NONE</msg>
<msg timestamp="20230624 15:38:57.559" level="INFO">Log level changed from NONE to INFO.</msg>
<status status="PASS" starttime="20230624 15:38:57.447" endtime="20230624 15:38:57.560"/>
</kw>
<kw name="Submit Form" library="RPA.Browser">
<doc>Submits a form identified by ``locator``.</doc>
<msg timestamp="20230624 15:38:57.561" level="INFO">Submitting form 'None'.</msg>
<status status="PASS" starttime="20230624 15:38:57.560" endtime="20230624 15:38:57.584"/>
</kw>
<kw name="Wait Until Page Contains Element" library="RPA.Browser">
<arg>id:sales-form</arg>
<doc>Waits until the element ``locator`` appears on the current page.</doc>
<status status="PASS" starttime="20230624 15:38:57.584" endtime="20230624 15:38:58.313"/>
</kw>
<status status="PASS" starttime="20230624 15:38:57.267" endtime="20230624 15:38:58.314"/>
</kw>
<kw name="Fill and submit the form">
<kw name="Input Text" library="RPA.Browser">
<arg>firstname</arg>
<arg>John</arg>
<doc>Types the given ``text`` into the text field identified by ``locator``.</doc>
<msg timestamp="20230624 15:38:58.315" level="INFO">Typing text 'John' into text field 'firstname'.</msg>
<status status="PASS" starttime="20230624 15:38:58.315" endtime="20230624 15:38:58.492"/>
</kw>
<kw name="Input Text" library="RPA.Browser">
<arg>lastname</arg>
<arg>Smith</arg>
<doc>Types the given ``text`` into the text field identified by ``locator``.</doc>
<msg timestamp="20230624 15:38:58.494" level="INFO">Typing text 'Smith' into text field 'lastname'.</msg>
<status status="PASS" starttime="20230624 15:38:58.493" endtime="20230624 15:38:58.605"/>
</kw>
<kw name="Input Text" library="RPA.Browser">
<arg>salesresult</arg>
<arg>123</arg>
<doc>Types the given ``text`` into the text field identified by ``locator``.</doc>
<msg timestamp="20230624 15:38:58.606" level="INFO">Typing text '123' into text field 'salesresult'.</msg>
<status status="PASS" starttime="20230624 15:38:58.605" endtime="20230624 15:38:58.698"/>
</kw>
<kw name="Select From List By Value" library="RPA.Browser">
<arg>salestarget</arg>
<arg>10000</arg>
<doc>Selects options from selection list ``locator`` by ``values``.</doc>
<msg timestamp="20230624 15:38:58.699" level="INFO">Selecting options from selection list 'salestarget' by value 10000.</msg>
<status status="PASS" starttime="20230624 15:38:58.699" endtime="20230624 15:38:58.772"/>
</kw>
<kw name="Click Button" library="RPA.Browser">
<arg>Submit</arg>
<doc>Clicks the button identified by ``locator``.</doc>
<msg timestamp="20230624 15:38:58.773" level="INFO">Clicking button 'Submit'.</msg>
<status status="PASS" starttime="20230624 15:38:58.772" endtime="20230624 15:38:59.107"/>
</kw>
<status status="PASS" starttime="20230624 15:38:58.314" endtime="20230624 15:38:59.108"/>
</kw>
<status status="PASS" starttime="20230624 15:38:26.416" endtime="20230624 15:38:59.109"/>
</test>
<doc>Insert the sales data for the week and export it as a PDF.</doc>
<status status="PASS" starttime="20230624 15:38:24.463" endtime="20230624 15:38:59.113"/>
</suite>
<statistics>
<total>
<stat pass="1" fail="0" skip="0">All Tasks</stat>
</total>
<tag>
</tag>
<suite>
<stat pass="1" fail="0" skip="0" id="s1" name="Tasks">Tasks</stat>
</suite>
</statistics>
<errors>
</errors>
</robot>
